Waiting for db service...
Waiting for db service...
Waiting for db service...
Waiting for db service...
Waiting for db service...
Starting backup process at Wed Jun  4 10:43:16 PM UTC 2025
Backup process completed: Maximum backups reached at Wed Jun  4 10:43:16 PM UTC 2025
Starting backup process at Wed Jun  4 10:43:16 PM UTC 2025
Backup process completed: Maximum backups reached at Wed Jun  4 10:43:16 PM UTC 2025
Starting backup process at Wed Jun  4 10:43:17 PM UTC 2025
Backup process completed: Maximum backups reached at Wed Jun  4 10:43:17 PM UTC 2025
Starting backup process at Wed Jun  4 10:43:17 PM UTC 2025
Backup process completed: Maximum backups reached at Wed Jun  4 10:43:17 PM UTC 2025
Starting backup process at Wed Jun  4 10:43:18 PM UTC 2025
Backup process completed: Maximum backups reached at Wed Jun  4 10:43:18 PM UTC 2025
Starting backup process at Wed Jun  4 10:43:20 PM UTC 2025
Backup process completed: Maximum backups reached at Wed Jun  4 10:43:20 PM UTC 2025
Starting backup process at Wed Jun  4 10:43:23 PM UTC 2025
Backup process completed: Maximum backups reached at Wed Jun  4 10:43:23 PM UTC 2025
Starting backup process at Wed Jun  4 10:43:30 PM UTC 2025
Backup process completed: Maximum backups reached at Wed Jun  4 10:43:30 PM UTC 2025
Starting backup process at Wed Jun  4 10:43:43 PM UTC 2025
Backup process completed: Maximum backups reached at Wed Jun  4 10:43:43 PM UTC 2025
Starting backup process at Wed Jun  4 10:44:09 PM UTC 2025
Backup process completed: Maximum backups reached at Wed Jun  4 10:44:09 PM UTC 2025
Starting backup process at Wed Jun  4 10:45:00 PM UTC 2025
Backup process completed: Maximum backups reached at Wed Jun  4 10:45:00 PM UTC 2025
Starting backup process at Wed Jun  4 10:46:00 PM UTC 2025
Backup process completed: Maximum backups reached at Wed Jun  4 10:46:00 PM UTC 2025
Starting backup process at Wed Jun  4 10:47:01 PM UTC 2025
Backup process completed: Maximum backups reached at Wed Jun  4 10:47:01 PM UTC 2025
Starting backup process at Wed Jun  4 10:48:01 PM UTC 2025
Backup process completed: Maximum backups reached at Wed Jun  4 10:48:01 PM UTC 2025
Starting backup process at Wed Jun  4 10:49:01 PM UTC 2025
Backup process completed: Maximum backups reached at Wed Jun  4 10:49:01 PM UTC 2025
Starting backup process at Wed Jun  4 10:50:01 PM UTC 2025
Backup process completed: Maximum backups reached at Wed Jun  4 10:50:01 PM UTC 2025
Starting backup process at Wed Jun  4 10:51:02 PM UTC 2025
Backup process completed: Maximum backups reached at Wed Jun  4 10:51:02 PM UTC 2025
Starting backup process at Wed Jun  4 10:52:02 PM UTC 2025
Backup process completed: Maximum backups reached at Wed Jun  4 10:52:02 PM UTC 2025
Starting backup process at Wed Jun  4 10:53:02 PM UTC 2025
Backup process completed: Maximum backups reached at Wed Jun  4 10:53:02 PM UTC 2025
Starting backup process at Wed Jun  4 10:54:02 PM UTC 2025
Backup process completed: Maximum backups reached at Wed Jun  4 10:54:02 PM UTC 2025
Starting backup process at Wed Jun  4 10:55:02 PM UTC 2025
Backup process completed: Maximum backups reached at Wed Jun  4 10:55:02 PM UTC 2025
Starting backup process at Wed Jun  4 10:56:03 PM UTC 2025
Backup process completed: Maximum backups reached at Wed Jun  4 10:56:03 PM UTC 2025
Starting backup process at Wed Jun  4 10:57:03 PM UTC 2025
Backup process completed: Maximum backups reached at Wed Jun  4 10:57:03 PM UTC 2025
Starting backup process at Wed Jun  4 10:58:03 PM UTC 2025
Backup process completed: Maximum backups reached at Wed Jun  4 10:58:03 PM UTC 2025
Starting backup process at Wed Jun  4 10:59:03 PM UTC 2025
Backup process completed: Maximum backups reached at Wed Jun  4 10:59:03 PM UTC 2025
Starting backup process at Wed Jun  4 11:00:03 PM UTC 2025
Backup process completed: Maximum backups reached at Wed Jun  4 11:00:03 PM UTC 2025
Starting backup process at Wed Jun  4 11:01:04 PM UTC 2025
Backup process completed: Maximum backups reached at Wed Jun  4 11:01:04 PM UTC 2025
Starting backup process at Wed Jun  4 11:02:04 PM UTC 2025
Backup process completed: Maximum backups reached at Wed Jun  4 11:02:04 PM UTC 2025
Starting backup process at Wed Jun  4 11:03:04 PM UTC 2025
Backup process completed: Maximum backups reached at Wed Jun  4 11:03:04 PM UTC 2025
Starting backup process at Wed Jun  4 11:04:04 PM UTC 2025
Backup process completed: Maximum backups reached at Wed Jun  4 11:04:04 PM UTC 2025
Starting backup process at Wed Jun  4 11:05:04 PM UTC 2025
Backup process completed: Maximum backups reached at Wed Jun  4 11:05:04 PM UTC 2025
Starting backup process at Wed Jun  4 11:06:05 PM UTC 2025
Backup process completed: Maximum backups reached at Wed Jun  4 11:06:05 PM UTC 2025
Starting backup process at Wed Jun  4 11:07:05 PM UTC 2025
Backup process completed: Maximum backups reached at Wed Jun  4 11:07:05 PM UTC 2025
Starting backup process at Wed Jun  4 11:08:05 PM UTC 2025
Backup process completed: Maximum backups reached at Wed Jun  4 11:08:05 PM UTC 2025
Starting backup process at Wed Jun 18 02:49:23 PM UTC 2025
Backup process completed: Maximum backups reached at Wed Jun 18 02:49:23 PM UTC 2025
Starting backup process at Wed Jun 18 02:49:23 PM UTC 2025
Backup process completed: Maximum backups reached at Wed Jun 18 02:49:23 PM UTC 2025
Starting backup process at Wed Jun 18 02:49:24 PM UTC 2025
Backup process completed: Maximum backups reached at Wed Jun 18 02:49:24 PM UTC 2025
Starting backup process at Wed Jun 18 02:49:24 PM UTC 2025
Backup process completed: Maximum backups reached at Wed Jun 18 02:49:24 PM UTC 2025
Starting backup process at Wed Jun 18 02:49:25 PM UTC 2025
Backup process completed: Maximum backups reached at Wed Jun 18 02:49:25 PM UTC 2025
Starting backup process at Wed Jun 18 02:49:27 PM UTC 2025
Backup process completed: Maximum backups reached at Wed Jun 18 02:49:27 PM UTC 2025
Starting backup process at Wed Jun 18 02:49:31 PM UTC 2025
Backup process completed: Maximum backups reached at Wed Jun 18 02:49:31 PM UTC 2025
Starting backup process at Wed Jun 18 02:49:37 PM UTC 2025
Backup process completed: Maximum backups reached at Wed Jun 18 02:49:37 PM UTC 2025
Starting backup process at Wed Jun 18 02:49:50 PM UTC 2025
Backup process completed: Maximum backups reached at Wed Jun 18 02:49:50 PM UTC 2025
Starting backup process at Wed Jun 18 02:50:16 PM UTC 2025
Backup process completed: Maximum backups reached at Wed Jun 18 02:50:16 PM UTC 2025
Starting backup process at Wed Jun 18 02:51:08 PM UTC 2025
Backup process completed: Maximum backups reached at Wed Jun 18 02:51:08 PM UTC 2025
Starting backup process at Wed Jun 18 02:52:08 PM UTC 2025
Backup process completed: Maximum backups reached at Wed Jun 18 02:52:08 PM UTC 2025
Starting backup process at Wed Jun 18 02:53:08 PM UTC 2025
Backup process completed: Maximum backups reached at Wed Jun 18 02:53:08 PM UTC 2025
Starting backup process at Wed Jun 18 02:54:08 PM UTC 2025
Backup process completed: Maximum backups reached at Wed Jun 18 02:54:08 PM UTC 2025
Starting backup process at Wed Jun 18 02:55:09 PM UTC 2025
Backup process completed: Maximum backups reached at Wed Jun 18 02:55:09 PM UTC 2025
Starting backup process at Wed Jun 18 02:56:09 PM UTC 2025
Backup process completed: Maximum backups reached at Wed Jun 18 02:56:09 PM UTC 2025
Starting backup process at Wed Jun 18 02:57:09 PM UTC 2025
Backup process completed: Maximum backups reached at Wed Jun 18 02:57:09 PM UTC 2025
Starting backup process at Wed Jun 18 02:58:10 PM UTC 2025
Backup process completed: Maximum backups reached at Wed Jun 18 02:58:10 PM UTC 2025
Starting backup process at Wed Jun 18 02:59:10 PM UTC 2025
Backup process completed: Maximum backups reached at Wed Jun 18 02:59:10 PM UTC 2025
Starting backup process at Wed Jun 18 03:00:10 PM UTC 2025
Backup process completed: Maximum backups reached at Wed Jun 18 03:00:10 PM UTC 2025
Starting backup process at Wed Jun 18 03:01:11 PM UTC 2025
Backup process completed: Maximum backups reached at Wed Jun 18 03:01:11 PM UTC 2025
Starting backup process at Wed Jun 18 03:02:11 PM UTC 2025
Backup process completed: Maximum backups reached at Wed Jun 18 03:02:11 PM UTC 2025
Starting backup process at Wed Jun 18 03:03:11 PM UTC 2025
Backup process completed: Maximum backups reached at Wed Jun 18 03:03:11 PM UTC 2025
Starting backup process at Wed Jun 18 03:04:12 PM UTC 2025
Backup process completed: Maximum backups reached at Wed Jun 18 03:04:12 PM UTC 2025
Starting backup process at Wed Jun 18 03:05:12 PM UTC 2025
Backup process completed: Maximum backups reached at Wed Jun 18 03:05:12 PM UTC 2025
Starting backup process at Wed Jun 18 03:06:12 PM UTC 2025
Backup process completed: Maximum backups reached at Wed Jun 18 03:06:12 PM UTC 2025
Starting backup process at Wed Jun 18 03:07:13 PM UTC 2025
Backup process completed: Maximum backups reached at Wed Jun 18 03:07:13 PM UTC 2025
Starting backup process at Wed Jun 18 03:08:13 PM UTC 2025
Backup process completed: Maximum backups reached at Wed Jun 18 03:08:13 PM UTC 2025
Starting backup process at Wed Jun 18 03:09:13 PM UTC 2025
Backup process completed: Maximum backups reached at Wed Jun 18 03:09:13 PM UTC 2025
Starting backup process at Wed Jun 18 03:10:14 PM UTC 2025
Backup process completed: Maximum backups reached at Wed Jun 18 03:10:14 PM UTC 2025
Starting backup process at Wed Jun 18 03:11:14 PM UTC 2025
Backup process completed: Maximum backups reached at Wed Jun 18 03:11:14 PM UTC 2025
Starting backup process at Wed Jun 18 03:12:14 PM UTC 2025
Backup process completed: Maximum backups reached at Wed Jun 18 03:12:14 PM UTC 2025
Starting backup process at Wed Jun 18 03:13:15 PM UTC 2025
Backup process completed: Maximum backups reached at Wed Jun 18 03:13:15 PM UTC 2025
Starting backup process at Wed Jun 18 03:14:15 PM UTC 2025
Backup process completed: Maximum backups reached at Wed Jun 18 03:14:15 PM UTC 2025
Starting backup process at Wed Jun 18 03:15:15 PM UTC 2025
Backup process completed: Maximum backups reached at Wed Jun 18 03:15:15 PM UTC 2025
Starting backup process at Wed Jun 18 03:16:16 PM UTC 2025
Backup process completed: Maximum backups reached at Wed Jun 18 03:16:16 PM UTC 2025
Starting backup process at Wed Jun 18 03:17:16 PM UTC 2025
Backup process completed: Maximum backups reached at Wed Jun 18 03:17:16 PM UTC 2025
Starting backup process at Wed Jun 18 03:18:17 PM UTC 2025
Backup process completed: Maximum backups reached at Wed Jun 18 03:18:17 PM UTC 2025
Starting backup process at Wed Jun 18 03:19:17 PM UTC 2025
Backup process completed: Maximum backups reached at Wed Jun 18 03:19:17 PM UTC 2025
Starting backup process at Wed Jun 18 03:20:17 PM UTC 2025
Backup process completed: Maximum backups reached at Wed Jun 18 03:20:17 PM UTC 2025
Starting backup process at Wed Jun 18 03:21:18 PM UTC 2025
Backup process completed: Maximum backups reached at Wed Jun 18 03:21:18 PM UTC 2025
Starting backup process at Wed Jun 18 03:22:18 PM UTC 2025
Backup process completed: Maximum backups reached at Wed Jun 18 03:22:18 PM UTC 2025
Starting backup process at Wed Jun 18 03:23:18 PM UTC 2025
Backup process completed: Maximum backups reached at Wed Jun 18 03:23:18 PM UTC 2025
Starting backup process at Wed Jun 18 03:24:19 PM UTC 2025
Backup process completed: Maximum backups reached at Wed Jun 18 03:24:19 PM UTC 2025
Starting backup process at Wed Jun 18 03:25:19 PM UTC 2025
Backup process completed: Maximum backups reached at Wed Jun 18 03:25:19 PM UTC 2025
Starting backup process at Wed Jun 18 03:26:19 PM UTC 2025
Backup process completed: Maximum backups reached at Wed Jun 18 03:26:19 PM UTC 2025
Starting backup process at Wed Jun 18 03:27:20 PM UTC 2025
Backup process completed: Maximum backups reached at Wed Jun 18 03:27:20 PM UTC 2025
Starting backup process at Wed Jun 18 03:28:20 PM UTC 2025
Backup process completed: Maximum backups reached at Wed Jun 18 03:28:20 PM UTC 2025
Starting backup process at Wed Jun 18 03:29:20 PM UTC 2025
Backup process completed: Maximum backups reached at Wed Jun 18 03:29:20 PM UTC 2025
Starting backup process at Wed Jun 18 03:30:21 PM UTC 2025
Backup process completed: Maximum backups reached at Wed Jun 18 03:30:21 PM UTC 2025
Starting backup process at Wed Jun 18 03:31:21 PM UTC 2025
Backup process completed: Maximum backups reached at Wed Jun 18 03:31:21 PM UTC 2025
Starting backup process at Wed Jun 18 03:32:22 PM UTC 2025
Backup process completed: Maximum backups reached at Wed Jun 18 03:32:22 PM UTC 2025
Starting backup process at Wed Jun 18 03:33:22 PM UTC 2025
Backup process completed: Maximum backups reached at Wed Jun 18 03:33:22 PM UTC 2025
Starting backup process at Wed Jun 18 03:34:22 PM UTC 2025
Backup process completed: Maximum backups reached at Wed Jun 18 03:34:22 PM UTC 2025
Starting backup process at Wed Jun 18 03:35:23 PM UTC 2025
Backup process completed: Maximum backups reached at Wed Jun 18 03:35:23 PM UTC 2025
Starting backup process at Wed Jun 18 03:36:23 PM UTC 2025
Backup process completed: Maximum backups reached at Wed Jun 18 03:36:23 PM UTC 2025
Starting backup process at Wed Jun 18 03:37:23 PM UTC 2025
Backup process completed: Maximum backups reached at Wed Jun 18 03:37:23 PM UTC 2025
Starting backup process at Wed Jun 18 03:38:24 PM UTC 2025
Backup process completed: Maximum backups reached at Wed Jun 18 03:38:24 PM UTC 2025
Starting backup process at Wed Jun 18 03:39:24 PM UTC 2025
Backup process completed: Maximum backups reached at Wed Jun 18 03:39:24 PM UTC 2025
Starting backup process at Wed Jun 18 03:40:25 PM UTC 2025
Backup process completed: Maximum backups reached at Wed Jun 18 03:40:25 PM UTC 2025
Starting backup process at Wed Jun 18 03:41:25 PM UTC 2025
Backup process completed: Maximum backups reached at Wed Jun 18 03:41:25 PM UTC 2025
Starting backup process at Wed Jun 18 03:42:25 PM UTC 2025
Backup process completed: Maximum backups reached at Wed Jun 18 03:42:25 PM UTC 2025
Starting backup process at Wed Jun 18 03:43:26 PM UTC 2025
Backup process completed: Maximum backups reached at Wed Jun 18 03:43:26 PM UTC 2025
Starting backup process at Wed Jun 18 03:44:26 PM UTC 2025
Backup process completed: Maximum backups reached at Wed Jun 18 03:44:26 PM UTC 2025
Starting backup process at Wed Jun 18 03:45:26 PM UTC 2025
Backup process completed: Maximum backups reached at Wed Jun 18 03:45:26 PM UTC 2025
Starting backup process at Wed Jun 18 03:46:27 PM UTC 2025
Backup process completed: Maximum backups reached at Wed Jun 18 03:46:27 PM UTC 2025
Starting backup process at Wed Jun 18 03:47:27 PM UTC 2025
Backup process completed: Maximum backups reached at Wed Jun 18 03:47:27 PM UTC 2025
Starting backup process at Wed Jun 18 03:48:28 PM UTC 2025
Backup process completed: Maximum backups reached at Wed Jun 18 03:48:28 PM UTC 2025
Starting backup process at Wed Jun 18 03:49:28 PM UTC 2025
Backup process completed: Maximum backups reached at Wed Jun 18 03:49:28 PM UTC 2025
Starting backup process at Wed Jun 18 03:50:28 PM UTC 2025
Backup process completed: Maximum backups reached at Wed Jun 18 03:50:28 PM UTC 2025
Starting backup process at Wed Jun 18 03:51:29 PM UTC 2025
Backup process completed: Maximum backups reached at Wed Jun 18 03:51:29 PM UTC 2025
Starting backup process at Wed Jun 18 03:52:29 PM UTC 2025
Backup process completed: Maximum backups reached at Wed Jun 18 03:52:29 PM UTC 2025
Starting backup process at Wed Jun 18 03:53:29 PM UTC 2025
Backup process completed: Maximum backups reached at Wed Jun 18 03:53:29 PM UTC 2025
Starting backup process at Wed Jun 18 03:54:30 PM UTC 2025
Backup process completed: Maximum backups reached at Wed Jun 18 03:54:30 PM UTC 2025
Starting backup process at Wed Jun 18 03:55:30 PM UTC 2025
Backup process completed: Maximum backups reached at Wed Jun 18 03:55:30 PM UTC 2025
Starting backup process at Wed Jun 18 03:56:31 PM UTC 2025
Backup process completed: Maximum backups reached at Wed Jun 18 03:56:31 PM UTC 2025
Starting backup process at Wed Jun 18 03:57:31 PM UTC 2025
Backup process completed: Maximum backups reached at Wed Jun 18 03:57:31 PM UTC 2025
Starting backup process at Wed Jun 18 03:58:32 PM UTC 2025
Backup process completed: Maximum backups reached at Wed Jun 18 03:58:32 PM UTC 2025
Starting backup process at Wed Jun 18 03:59:32 PM UTC 2025
Backup process completed: Maximum backups reached at Wed Jun 18 03:59:32 PM UTC 2025
Starting backup process at Wed Jun 18 04:00:32 PM UTC 2025
Backup process completed: Maximum backups reached at Wed Jun 18 04:00:32 PM UTC 2025
Starting backup process at Wed Jun 18 04:01:33 PM UTC 2025
Backup process completed: Maximum backups reached at Wed Jun 18 04:01:33 PM UTC 2025
Starting backup process at Wed Jun 18 04:02:33 PM UTC 2025
Backup process completed: Maximum backups reached at Wed Jun 18 04:02:33 PM UTC 2025
Starting backup process at Wed Jun 18 04:03:33 PM UTC 2025
Backup process completed: Maximum backups reached at Wed Jun 18 04:03:33 PM UTC 2025
Starting backup process at Wed Jun 18 04:04:34 PM UTC 2025
Backup process completed: Maximum backups reached at Wed Jun 18 04:04:34 PM UTC 2025
Starting backup process at Wed Jun 18 04:05:34 PM UTC 2025
Backup process completed: Maximum backups reached at Wed Jun 18 04:05:34 PM UTC 2025
Starting backup process at Wed Jun 18 04:06:35 PM UTC 2025
Backup process completed: Maximum backups reached at Wed Jun 18 04:06:35 PM UTC 2025
Starting backup process at Wed Jun 18 04:07:35 PM UTC 2025
Backup process completed: Maximum backups reached at Wed Jun 18 04:07:35 PM UTC 2025
Starting backup process at Wed Jun 18 04:08:35 PM UTC 2025
Backup process completed: Maximum backups reached at Wed Jun 18 04:08:35 PM UTC 2025
Starting backup process at Wed Jun 18 04:09:36 PM UTC 2025
Backup process completed: Maximum backups reached at Wed Jun 18 04:09:36 PM UTC 2025
Starting backup process at Wed Jun 18 04:10:36 PM UTC 2025
Backup process completed: Maximum backups reached at Wed Jun 18 04:10:36 PM UTC 2025
Starting backup process at Wed Jun 18 04:11:37 PM UTC 2025
Backup process completed: Maximum backups reached at Wed Jun 18 04:11:37 PM UTC 2025
Starting backup process at Wed Jun 18 04:12:37 PM UTC 2025
Backup process completed: Maximum backups reached at Wed Jun 18 04:12:37 PM UTC 2025
Starting backup process at Wed Jun 18 04:13:37 PM UTC 2025
Backup process completed: Maximum backups reached at Wed Jun 18 04:13:37 PM UTC 2025
Starting backup process at Wed Jun 18 04:14:38 PM UTC 2025
Backup process completed: Maximum backups reached at Wed Jun 18 04:14:38 PM UTC 2025
Starting backup process at Wed Jun 18 04:15:38 PM UTC 2025
Backup process completed: Maximum backups reached at Wed Jun 18 04:15:38 PM UTC 2025
Starting backup process at Wed Jun 18 04:16:39 PM UTC 2025
Backup process completed: Maximum backups reached at Wed Jun 18 04:16:39 PM UTC 2025
Starting backup process at Wed Jun 18 04:17:39 PM UTC 2025
Backup process completed: Maximum backups reached at Wed Jun 18 04:17:39 PM UTC 2025
Starting backup process at Wed Jun 18 04:18:39 PM UTC 2025
Backup process completed: Maximum backups reached at Wed Jun 18 04:18:39 PM UTC 2025
Starting backup process at Wed Jun 18 04:19:40 PM UTC 2025
Backup process completed: Maximum backups reached at Wed Jun 18 04:19:40 PM UTC 2025
Starting backup process at Wed Jun 18 04:20:40 PM UTC 2025
Backup process completed: Maximum backups reached at Wed Jun 18 04:20:40 PM UTC 2025
Starting backup process at Wed Jun 18 04:21:41 PM UTC 2025
Backup process completed: Maximum backups reached at Wed Jun 18 04:21:41 PM UTC 2025
Starting backup process at Wed Jun 18 04:22:41 PM UTC 2025
Backup process completed: Maximum backups reached at Wed Jun 18 04:22:41 PM UTC 2025
Starting backup process at Wed Jun 18 04:23:41 PM UTC 2025
Backup process completed: Maximum backups reached at Wed Jun 18 04:23:41 PM UTC 2025
Starting backup process at Wed Jun 18 04:24:42 PM UTC 2025
Backup process completed: Maximum backups reached at Wed Jun 18 04:24:42 PM UTC 2025
Starting backup process at Wed Jun 18 04:25:42 PM UTC 2025
Backup process completed: Maximum backups reached at Wed Jun 18 04:25:42 PM UTC 2025
Starting backup process at Wed Jun 18 04:26:43 PM UTC 2025
Backup process completed: Maximum backups reached at Wed Jun 18 04:26:43 PM UTC 2025
Starting backup process at Wed Jun 18 04:27:43 PM UTC 2025
Backup process completed: Maximum backups reached at Wed Jun 18 04:27:43 PM UTC 2025
Starting backup process at Wed Jun 18 04:28:43 PM UTC 2025
Backup process completed: Maximum backups reached at Wed Jun 18 04:28:43 PM UTC 2025
Starting backup process at Wed Jun 18 04:29:44 PM UTC 2025
Backup process completed: Maximum backups reached at Wed Jun 18 04:29:44 PM UTC 2025
Starting backup process at Wed Jun 18 04:30:44 PM UTC 2025
Backup process completed: Maximum backups reached at Wed Jun 18 04:30:44 PM UTC 2025
Starting backup process at Wed Jun 18 04:31:45 PM UTC 2025
Backup process completed: Maximum backups reached at Wed Jun 18 04:31:45 PM UTC 2025
Starting backup process at Wed Jun 18 04:32:45 PM UTC 2025
Backup process completed: Maximum backups reached at Wed Jun 18 04:32:45 PM UTC 2025
Starting backup process at Wed Jun 18 04:33:45 PM UTC 2025
Backup process completed: Maximum backups reached at Wed Jun 18 04:33:45 PM UTC 2025
Starting backup process at Wed Jun 18 04:34:46 PM UTC 2025
Backup process completed: Maximum backups reached at Wed Jun 18 04:34:46 PM UTC 2025
Starting backup process at Wed Jun 18 04:35:46 PM UTC 2025
Backup process completed: Maximum backups reached at Wed Jun 18 04:35:46 PM UTC 2025
Starting backup process at Wed Jun 18 04:36:47 PM UTC 2025
Backup process completed: Maximum backups reached at Wed Jun 18 04:36:47 PM UTC 2025
Starting backup process at Wed Jun 18 04:37:47 PM UTC 2025
Backup process completed: Maximum backups reached at Wed Jun 18 04:37:47 PM UTC 2025
Starting backup process at Wed Jun 18 04:38:47 PM UTC 2025
Backup process completed: Maximum backups reached at Wed Jun 18 04:38:47 PM UTC 2025
Starting backup process at Wed Jun 18 04:39:48 PM UTC 2025
Backup process completed: Maximum backups reached at Wed Jun 18 04:39:48 PM UTC 2025
Starting backup process at Wed Jun 18 04:40:48 PM UTC 2025
Backup process completed: Maximum backups reached at Wed Jun 18 04:40:48 PM UTC 2025
Starting backup process at Wed Jun 18 04:41:49 PM UTC 2025
Backup process completed: Maximum backups reached at Wed Jun 18 04:41:49 PM UTC 2025
Starting backup process at Wed Jun 18 04:42:49 PM UTC 2025
Backup process completed: Maximum backups reached at Wed Jun 18 04:42:49 PM UTC 2025
Starting backup process at Wed Jun 18 04:43:50 PM UTC 2025
Backup process completed: Maximum backups reached at Wed Jun 18 04:43:50 PM UTC 2025
Starting backup process at Wed Jun 18 04:44:50 PM UTC 2025
Backup process completed: Maximum backups reached at Wed Jun 18 04:44:50 PM UTC 2025
Starting backup process at Wed Jun 18 04:45:50 PM UTC 2025
Backup process completed: Maximum backups reached at Wed Jun 18 04:45:50 PM UTC 2025
Starting backup process at Wed Jun 18 04:46:51 PM UTC 2025
Backup process completed: Maximum backups reached at Wed Jun 18 04:46:51 PM UTC 2025
Starting backup process at Wed Jun 18 04:47:51 PM UTC 2025
Backup process completed: Maximum backups reached at Wed Jun 18 04:47:51 PM UTC 2025
Starting backup process at Wed Jun 18 04:48:52 PM UTC 2025
Backup process completed: Maximum backups reached at Wed Jun 18 04:48:52 PM UTC 2025
Starting backup process at Wed Jun 18 04:49:52 PM UTC 2025
Backup process completed: Maximum backups reached at Wed Jun 18 04:49:52 PM UTC 2025
Starting backup process at Wed Jun 18 04:50:52 PM UTC 2025
Backup process completed: Maximum backups reached at Wed Jun 18 04:50:52 PM UTC 2025
Starting backup process at Wed Jun 18 04:51:53 PM UTC 2025
Backup process completed: Maximum backups reached at Wed Jun 18 04:51:53 PM UTC 2025
Starting backup process at Wed Jun 18 04:52:53 PM UTC 2025
Backup process completed: Maximum backups reached at Wed Jun 18 04:52:53 PM UTC 2025
Starting backup process at Wed Jun 18 04:53:54 PM UTC 2025
Backup process completed: Maximum backups reached at Wed Jun 18 04:53:54 PM UTC 2025
Starting backup process at Wed Jun 18 04:54:54 PM UTC 2025
Backup process completed: Maximum backups reached at Wed Jun 18 04:54:54 PM UTC 2025
Starting backup process at Wed Jun 18 04:55:55 PM UTC 2025
Backup process completed: Maximum backups reached at Wed Jun 18 04:55:55 PM UTC 2025
Starting backup process at Wed Jun 18 04:56:55 PM UTC 2025
Backup process completed: Maximum backups reached at Wed Jun 18 04:56:55 PM UTC 2025
Starting backup process at Wed Jun 18 04:57:55 PM UTC 2025
Backup process completed: Maximum backups reached at Wed Jun 18 04:57:55 PM UTC 2025
Starting backup process at Wed Jun 18 04:58:56 PM UTC 2025
Backup process completed: Maximum backups reached at Wed Jun 18 04:58:56 PM UTC 2025
Starting backup process at Wed Jun 18 04:59:56 PM UTC 2025
Backup process completed: Maximum backups reached at Wed Jun 18 04:59:56 PM UTC 2025
Starting backup process at Wed Jun 18 05:00:57 PM UTC 2025
Backup process completed: Maximum backups reached at Wed Jun 18 05:00:57 PM UTC 2025
Starting backup process at Wed Jun 18 05:01:57 PM UTC 2025
Backup process completed: Maximum backups reached at Wed Jun 18 05:01:57 PM UTC 2025
Starting backup process at Wed Jun 18 05:02:57 PM UTC 2025
Backup process completed: Maximum backups reached at Wed Jun 18 05:02:57 PM UTC 2025
Starting backup process at Wed Jun 18 05:03:58 PM UTC 2025
Backup process completed: Maximum backups reached at Wed Jun 18 05:03:58 PM UTC 2025
Starting backup process at Wed Jun 18 05:04:58 PM UTC 2025
Backup process completed: Maximum backups reached at Wed Jun 18 05:04:58 PM UTC 2025
Starting backup process at Wed Jun 18 05:05:59 PM UTC 2025
Backup process completed: Maximum backups reached at Wed Jun 18 05:05:59 PM UTC 2025
Starting backup process at Wed Jun 18 05:06:59 PM UTC 2025
Backup process completed: Maximum backups reached at Wed Jun 18 05:06:59 PM UTC 2025
Starting backup process at Wed Jun 18 05:07:59 PM UTC 2025
Backup process completed: Maximum backups reached at Wed Jun 18 05:07:59 PM UTC 2025
Starting backup process at Wed Jun 18 05:09:00 PM UTC 2025
Backup process completed: Maximum backups reached at Wed Jun 18 05:09:00 PM UTC 2025
Starting backup process at Wed Jun 18 05:10:00 PM UTC 2025
Backup process completed: Maximum backups reached at Wed Jun 18 05:10:00 PM UTC 2025
Starting backup process at Wed Jun 18 05:11:01 PM UTC 2025
Backup process completed: Maximum backups reached at Wed Jun 18 05:11:01 PM UTC 2025
Starting backup process at Wed Jun 18 05:12:01 PM UTC 2025
Backup process completed: Maximum backups reached at Wed Jun 18 05:12:01 PM UTC 2025
Starting backup process at Wed Jun 18 05:13:01 PM UTC 2025
Backup process completed: Maximum backups reached at Wed Jun 18 05:13:01 PM UTC 2025
Starting backup process at Wed Jun 18 05:14:02 PM UTC 2025
Backup process completed: Maximum backups reached at Wed Jun 18 05:14:02 PM UTC 2025
Starting backup process at Wed Jun 18 05:15:02 PM UTC 2025
Backup process completed: Maximum backups reached at Wed Jun 18 05:15:02 PM UTC 2025
Starting backup process at Wed Jun 18 05:16:03 PM UTC 2025
Backup process completed: Maximum backups reached at Wed Jun 18 05:16:03 PM UTC 2025
Starting backup process at Wed Jun 18 05:17:03 PM UTC 2025
Backup process completed: Maximum backups reached at Wed Jun 18 05:17:03 PM UTC 2025
Starting backup process at Wed Jun 18 05:18:04 PM UTC 2025
Backup process completed: Maximum backups reached at Wed Jun 18 05:18:04 PM UTC 2025
Starting backup process at Wed Jun 18 05:19:04 PM UTC 2025
Backup process completed: Maximum backups reached at Wed Jun 18 05:19:04 PM UTC 2025
Starting backup process at Wed Jun 18 05:20:04 PM UTC 2025
Backup process completed: Maximum backups reached at Wed Jun 18 05:20:04 PM UTC 2025
Starting backup process at Wed Jun 18 05:21:05 PM UTC 2025
Backup process completed: Maximum backups reached at Wed Jun 18 05:21:05 PM UTC 2025
Starting backup process at Wed Jun 18 05:22:05 PM UTC 2025
Backup process completed: Maximum backups reached at Wed Jun 18 05:22:05 PM UTC 2025
Starting backup process at Wed Jun 18 05:23:06 PM UTC 2025
Backup process completed: Maximum backups reached at Wed Jun 18 05:23:06 PM UTC 2025
Starting backup process at Wed Jun 18 05:24:06 PM UTC 2025
Backup process completed: Maximum backups reached at Wed Jun 18 05:24:06 PM UTC 2025
Starting backup process at Wed Jun 18 05:25:06 PM UTC 2025
Backup process completed: Maximum backups reached at Wed Jun 18 05:25:06 PM UTC 2025
Starting backup process at Wed Jun 18 05:26:07 PM UTC 2025
Backup process completed: Maximum backups reached at Wed Jun 18 05:26:07 PM UTC 2025
Starting backup process at Wed Jun 18 05:27:07 PM UTC 2025
Backup process completed: Maximum backups reached at Wed Jun 18 05:27:07 PM UTC 2025
Starting backup process at Wed Jun 18 05:28:08 PM UTC 2025
Backup process completed: Maximum backups reached at Wed Jun 18 05:28:08 PM UTC 2025
Starting backup process at Wed Jun 18 05:29:08 PM UTC 2025
Backup process completed: Maximum backups reached at Wed Jun 18 05:29:08 PM UTC 2025
Starting backup process at Wed Jun 18 05:30:09 PM UTC 2025
Backup process completed: Maximum backups reached at Wed Jun 18 05:30:09 PM UTC 2025
Starting backup process at Wed Jun 18 05:31:09 PM UTC 2025
Backup process completed: Maximum backups reached at Wed Jun 18 05:31:09 PM UTC 2025
Starting backup process at Wed Jun 18 05:32:09 PM UTC 2025
Backup process completed: Maximum backups reached at Wed Jun 18 05:32:09 PM UTC 2025
Starting backup process at Wed Jun 18 05:33:10 PM UTC 2025
Backup process completed: Maximum backups reached at Wed Jun 18 05:33:10 PM UTC 2025
Starting backup process at Wed Jun 18 05:34:10 PM UTC 2025
Backup process completed: Maximum backups reached at Wed Jun 18 05:34:10 PM UTC 2025
Starting backup process at Wed Jun 18 05:35:11 PM UTC 2025
Backup process completed: Maximum backups reached at Wed Jun 18 05:35:11 PM UTC 2025
Starting backup process at Wed Jun 18 05:36:11 PM UTC 2025
Backup process completed: Maximum backups reached at Wed Jun 18 05:36:11 PM UTC 2025
Starting backup process at Wed Jun 18 05:37:11 PM UTC 2025
Backup process completed: Maximum backups reached at Wed Jun 18 05:37:11 PM UTC 2025
Starting backup process at Wed Jun 18 05:38:12 PM UTC 2025
Backup process completed: Maximum backups reached at Wed Jun 18 05:38:12 PM UTC 2025
Starting backup process at Wed Jun 18 05:39:12 PM UTC 2025
Backup process completed: Maximum backups reached at Wed Jun 18 05:39:12 PM UTC 2025
Starting backup process at Wed Jun 18 05:40:13 PM UTC 2025
Backup process completed: Maximum backups reached at Wed Jun 18 05:40:13 PM UTC 2025
Starting backup process at Wed Jun 18 05:41:13 PM UTC 2025
Backup process completed: Maximum backups reached at Wed Jun 18 05:41:13 PM UTC 2025
Starting backup process at Wed Jun 18 05:42:14 PM UTC 2025
Backup process completed: Maximum backups reached at Wed Jun 18 05:42:14 PM UTC 2025
Starting backup process at Wed Jun 18 05:43:14 PM UTC 2025
Backup process completed: Maximum backups reached at Wed Jun 18 05:43:14 PM UTC 2025
Starting backup process at Wed Jun 18 05:44:15 PM UTC 2025
Backup process completed: Maximum backups reached at Wed Jun 18 05:44:15 PM UTC 2025
Starting backup process at Wed Jun 18 05:45:15 PM UTC 2025
Backup process completed: Maximum backups reached at Wed Jun 18 05:45:15 PM UTC 2025
Starting backup process at Wed Jun 18 05:46:15 PM UTC 2025
Backup process completed: Maximum backups reached at Wed Jun 18 05:46:15 PM UTC 2025
Starting backup process at Wed Jun 18 05:47:16 PM UTC 2025
Backup process completed: Maximum backups reached at Wed Jun 18 05:47:16 PM UTC 2025
Starting backup process at Wed Jun 18 05:48:16 PM UTC 2025
Backup process completed: Maximum backups reached at Wed Jun 18 05:48:16 PM UTC 2025
Starting backup process at Wed Jun 18 05:49:17 PM UTC 2025
Backup process completed: Maximum backups reached at Wed Jun 18 05:49:17 PM UTC 2025
Starting backup process at Wed Jun 18 05:50:17 PM UTC 2025
Backup process completed: Maximum backups reached at Wed Jun 18 05:50:17 PM UTC 2025
Starting backup process at Wed Jun 18 05:51:18 PM UTC 2025
Backup process completed: Maximum backups reached at Wed Jun 18 05:51:18 PM UTC 2025
Starting backup process at Wed Jun 18 05:52:18 PM UTC 2025
Backup process completed: Maximum backups reached at Wed Jun 18 05:52:18 PM UTC 2025
Starting backup process at Wed Jun 18 05:53:18 PM UTC 2025
Backup process completed: Maximum backups reached at Wed Jun 18 05:53:18 PM UTC 2025
Starting backup process at Wed Jun 18 05:54:19 PM UTC 2025
Backup process completed: Maximum backups reached at Wed Jun 18 05:54:19 PM UTC 2025
Starting backup process at Wed Jun 18 05:55:19 PM UTC 2025
Backup process completed: Maximum backups reached at Wed Jun 18 05:55:19 PM UTC 2025
Starting backup process at Wed Jun 18 05:56:20 PM UTC 2025
Backup process completed: Maximum backups reached at Wed Jun 18 05:56:20 PM UTC 2025
Starting backup process at Wed Jun 18 05:57:20 PM UTC 2025
Backup process completed: Maximum backups reached at Wed Jun 18 05:57:20 PM UTC 2025
Starting backup process at Wed Jun 18 05:58:21 PM UTC 2025
Backup process completed: Maximum backups reached at Wed Jun 18 05:58:21 PM UTC 2025
Starting backup process at Wed Jun 18 05:59:21 PM UTC 2025
Backup process completed: Maximum backups reached at Wed Jun 18 05:59:21 PM UTC 2025
Starting backup process at Wed Jun 18 06:00:21 PM UTC 2025
Backup process completed: Maximum backups reached at Wed Jun 18 06:00:21 PM UTC 2025
Starting backup process at Wed Jun 18 06:01:22 PM UTC 2025
Backup process completed: Maximum backups reached at Wed Jun 18 06:01:22 PM UTC 2025
Starting backup process at Wed Jun 18 06:02:22 PM UTC 2025
Backup process completed: Maximum backups reached at Wed Jun 18 06:02:22 PM UTC 2025
Starting backup process at Wed Jun 18 06:03:23 PM UTC 2025
Backup process completed: Maximum backups reached at Wed Jun 18 06:03:23 PM UTC 2025
Starting backup process at Wed Jun 18 06:04:23 PM UTC 2025
Backup process completed: Maximum backups reached at Wed Jun 18 06:04:23 PM UTC 2025
Starting backup process at Wed Jun 18 06:05:24 PM UTC 2025
Backup process completed: Maximum backups reached at Wed Jun 18 06:05:24 PM UTC 2025
Starting backup process at Wed Jun 18 06:06:24 PM UTC 2025
Backup process completed: Maximum backups reached at Wed Jun 18 06:06:24 PM UTC 2025
Starting backup process at Wed Jun 18 06:07:24 PM UTC 2025
Backup process completed: Maximum backups reached at Wed Jun 18 06:07:24 PM UTC 2025
Starting backup process at Wed Jun 18 06:08:25 PM UTC 2025
Backup process completed: Maximum backups reached at Wed Jun 18 06:08:25 PM UTC 2025
Starting backup process at Wed Jun 18 06:09:25 PM UTC 2025
Backup process completed: Maximum backups reached at Wed Jun 18 06:09:25 PM UTC 2025
Starting backup process at Wed Jun 18 06:10:26 PM UTC 2025
Backup process completed: Maximum backups reached at Wed Jun 18 06:10:26 PM UTC 2025
Starting backup process at Wed Jun 18 06:11:26 PM UTC 2025
Backup process completed: Maximum backups reached at Wed Jun 18 06:11:26 PM UTC 2025
Starting backup process at Wed Jun 18 06:12:27 PM UTC 2025
Backup process completed: Maximum backups reached at Wed Jun 18 06:12:27 PM UTC 2025
Starting backup process at Wed Jun 18 06:13:27 PM UTC 2025
Backup process completed: Maximum backups reached at Wed Jun 18 06:13:27 PM UTC 2025
Starting backup process at Wed Jun 18 06:14:27 PM UTC 2025
Backup process completed: Maximum backups reached at Wed Jun 18 06:14:27 PM UTC 2025
Starting backup process at Wed Jun 18 06:15:28 PM UTC 2025
Backup process completed: Maximum backups reached at Wed Jun 18 06:15:28 PM UTC 2025
Starting backup process at Wed Jun 18 06:16:28 PM UTC 2025
Backup process completed: Maximum backups reached at Wed Jun 18 06:16:28 PM UTC 2025
Starting backup process at Wed Jun 18 06:17:29 PM UTC 2025
Backup process completed: Maximum backups reached at Wed Jun 18 06:17:29 PM UTC 2025
Starting backup process at Wed Jun 18 06:18:29 PM UTC 2025
Backup process completed: Maximum backups reached at Wed Jun 18 06:18:29 PM UTC 2025
Starting backup process at Wed Jun 18 06:19:30 PM UTC 2025
Backup process completed: Maximum backups reached at Wed Jun 18 06:19:30 PM UTC 2025
Starting backup process at Wed Jun 18 06:20:30 PM UTC 2025
Backup process completed: Maximum backups reached at Wed Jun 18 06:20:30 PM UTC 2025
Starting backup process at Wed Jun 18 06:21:31 PM UTC 2025
Backup process completed: Maximum backups reached at Wed Jun 18 06:21:31 PM UTC 2025
Starting backup process at Wed Jun 18 06:22:31 PM UTC 2025
Backup process completed: Maximum backups reached at Wed Jun 18 06:22:31 PM UTC 2025
Starting backup process at Wed Jun 18 06:23:31 PM UTC 2025
Backup process completed: Maximum backups reached at Wed Jun 18 06:23:31 PM UTC 2025
Starting backup process at Wed Jun 18 06:24:32 PM UTC 2025
Backup process completed: Maximum backups reached at Wed Jun 18 06:24:32 PM UTC 2025
Starting backup process at Wed Jun 18 06:25:32 PM UTC 2025
Backup process completed: Maximum backups reached at Wed Jun 18 06:25:32 PM UTC 2025
Starting backup process at Wed Jun 18 06:26:33 PM UTC 2025
Backup process completed: Maximum backups reached at Wed Jun 18 06:26:33 PM UTC 2025
Starting backup process at Wed Jun 18 06:27:33 PM UTC 2025
Backup process completed: Maximum backups reached at Wed Jun 18 06:27:33 PM UTC 2025
Starting backup process at Wed Jun 18 06:28:34 PM UTC 2025
Backup process completed: Maximum backups reached at Wed Jun 18 06:28:34 PM UTC 2025
Starting backup process at Wed Jun 18 06:29:34 PM UTC 2025
Backup process completed: Maximum backups reached at Wed Jun 18 06:29:34 PM UTC 2025
Starting backup process at Wed Jun 18 06:30:35 PM UTC 2025
Backup process completed: Maximum backups reached at Wed Jun 18 06:30:35 PM UTC 2025
Starting backup process at Wed Jun 18 06:31:35 PM UTC 2025
Backup process completed: Maximum backups reached at Wed Jun 18 06:31:35 PM UTC 2025
Starting backup process at Wed Jun 18 06:32:35 PM UTC 2025
Backup process completed: Maximum backups reached at Wed Jun 18 06:32:35 PM UTC 2025
Starting backup process at Wed Jun 18 06:33:36 PM UTC 2025
Backup process completed: Maximum backups reached at Wed Jun 18 06:33:36 PM UTC 2025
Starting backup process at Wed Jun 18 06:34:36 PM UTC 2025
Backup process completed: Maximum backups reached at Wed Jun 18 06:34:36 PM UTC 2025
Starting backup process at Wed Jun 18 06:35:37 PM UTC 2025
Backup process completed: Maximum backups reached at Wed Jun 18 06:35:37 PM UTC 2025
Starting backup process at Wed Jun 18 06:36:37 PM UTC 2025
Backup process completed: Maximum backups reached at Wed Jun 18 06:36:37 PM UTC 2025
Starting backup process at Wed Jun 18 06:37:38 PM UTC 2025
Backup process completed: Maximum backups reached at Wed Jun 18 06:37:38 PM UTC 2025
Starting backup process at Wed Jun 18 06:38:38 PM UTC 2025
Backup process completed: Maximum backups reached at Wed Jun 18 06:38:38 PM UTC 2025
Starting backup process at Wed Jun 18 06:39:39 PM UTC 2025
Backup process completed: Maximum backups reached at Wed Jun 18 06:39:39 PM UTC 2025
Starting backup process at Wed Jun 18 06:40:39 PM UTC 2025
Backup process completed: Maximum backups reached at Wed Jun 18 06:40:39 PM UTC 2025
Starting backup process at Wed Jun 18 06:41:39 PM UTC 2025
Backup process completed: Maximum backups reached at Wed Jun 18 06:41:39 PM UTC 2025
Starting backup process at Wed Jun 18 06:42:40 PM UTC 2025
Backup process completed: Maximum backups reached at Wed Jun 18 06:42:40 PM UTC 2025
Starting backup process at Wed Jun 18 06:43:40 PM UTC 2025
Backup process completed: Maximum backups reached at Wed Jun 18 06:43:40 PM UTC 2025
Starting backup process at Wed Jun 18 06:44:41 PM UTC 2025
Backup process completed: Maximum backups reached at Wed Jun 18 06:44:41 PM UTC 2025
Starting backup process at Wed Jun 18 06:45:41 PM UTC 2025
Backup process completed: Maximum backups reached at Wed Jun 18 06:45:41 PM UTC 2025
Starting backup process at Wed Jun 18 06:46:42 PM UTC 2025
Backup process completed: Maximum backups reached at Wed Jun 18 06:46:42 PM UTC 2025
Starting backup process at Wed Jun 18 06:47:42 PM UTC 2025
Backup process completed: Maximum backups reached at Wed Jun 18 06:47:42 PM UTC 2025
Starting backup process at Wed Jun 18 06:48:43 PM UTC 2025
Backup process completed: Maximum backups reached at Wed Jun 18 06:48:43 PM UTC 2025
Starting backup process at Wed Jun 18 06:49:43 PM UTC 2025
Backup process completed: Maximum backups reached at Wed Jun 18 06:49:43 PM UTC 2025
Starting backup process at Wed Jun 18 06:50:43 PM UTC 2025
Backup process completed: Maximum backups reached at Wed Jun 18 06:50:43 PM UTC 2025
Starting backup process at Wed Jun 18 06:51:44 PM UTC 2025
Backup process completed: Maximum backups reached at Wed Jun 18 06:51:44 PM UTC 2025
Starting backup process at Wed Jun 18 06:52:44 PM UTC 2025
Backup process completed: Maximum backups reached at Wed Jun 18 06:52:44 PM UTC 2025
Starting backup process at Wed Jun 18 06:53:45 PM UTC 2025
Backup process completed: Maximum backups reached at Wed Jun 18 06:53:45 PM UTC 2025
Starting backup process at Wed Jun 18 06:54:45 PM UTC 2025
Backup process completed: Maximum backups reached at Wed Jun 18 06:54:45 PM UTC 2025
Starting backup process at Wed Jun 18 06:55:46 PM UTC 2025
Backup process completed: Maximum backups reached at Wed Jun 18 06:55:46 PM UTC 2025
Starting backup process at Wed Jun 18 06:56:46 PM UTC 2025
Backup process completed: Maximum backups reached at Wed Jun 18 06:56:46 PM UTC 2025
Starting backup process at Wed Jun 18 06:57:47 PM UTC 2025
Backup process completed: Maximum backups reached at Wed Jun 18 06:57:47 PM UTC 2025
Starting backup process at Wed Jun 18 06:58:47 PM UTC 2025
Backup process completed: Maximum backups reached at Wed Jun 18 06:58:47 PM UTC 2025
Starting backup process at Wed Jun 18 06:59:48 PM UTC 2025
Backup process completed: Maximum backups reached at Wed Jun 18 06:59:48 PM UTC 2025
Starting backup process at Wed Jun 18 07:00:48 PM UTC 2025
Backup process completed: Maximum backups reached at Wed Jun 18 07:00:48 PM UTC 2025
Starting backup process at Wed Jun 18 07:01:48 PM UTC 2025
Backup process completed: Maximum backups reached at Wed Jun 18 07:01:48 PM UTC 2025
Starting backup process at Wed Jun 18 07:02:49 PM UTC 2025
Backup process completed: Maximum backups reached at Wed Jun 18 07:02:49 PM UTC 2025
Starting backup process at Wed Jun 18 07:03:49 PM UTC 2025
Backup process completed: Maximum backups reached at Wed Jun 18 07:03:49 PM UTC 2025
Starting backup process at Wed Jun 18 07:04:50 PM UTC 2025
Backup process completed: Maximum backups reached at Wed Jun 18 07:04:50 PM UTC 2025
Starting backup process at Wed Jun 18 07:05:50 PM UTC 2025
Backup process completed: Maximum backups reached at Wed Jun 18 07:05:50 PM UTC 2025
Starting backup process at Wed Jun 18 07:06:51 PM UTC 2025
Backup process completed: Maximum backups reached at Wed Jun 18 07:06:51 PM UTC 2025
Starting backup process at Wed Jun 18 07:07:51 PM UTC 2025
Backup process completed: Maximum backups reached at Wed Jun 18 07:07:51 PM UTC 2025
Starting backup process at Wed Jun 18 07:08:52 PM UTC 2025
Backup process completed: Maximum backups reached at Wed Jun 18 07:08:52 PM UTC 2025
Starting backup process at Wed Jun 18 07:09:52 PM UTC 2025
Backup process completed: Maximum backups reached at Wed Jun 18 07:09:52 PM UTC 2025
Starting backup process at Wed Jun 18 07:10:53 PM UTC 2025
Backup process completed: Maximum backups reached at Wed Jun 18 07:10:53 PM UTC 2025
Starting backup process at Wed Jun 18 07:11:53 PM UTC 2025
Backup process completed: Maximum backups reached at Wed Jun 18 07:11:53 PM UTC 2025
Starting backup process at Wed Jun 18 07:12:53 PM UTC 2025
Backup process completed: Maximum backups reached at Wed Jun 18 07:12:53 PM UTC 2025
Starting backup process at Wed Jun 18 07:13:54 PM UTC 2025
Backup process completed: Maximum backups reached at Wed Jun 18 07:13:54 PM UTC 2025
Starting backup process at Wed Jun 18 07:14:54 PM UTC 2025
Backup process completed: Maximum backups reached at Wed Jun 18 07:14:54 PM UTC 2025
Starting backup process at Wed Jun 18 07:15:55 PM UTC 2025
Backup process completed: Maximum backups reached at Wed Jun 18 07:15:55 PM UTC 2025
Starting backup process at Wed Jun 18 07:16:55 PM UTC 2025
Backup process completed: Maximum backups reached at Wed Jun 18 07:16:55 PM UTC 2025
Starting backup process at Wed Jun 18 07:17:56 PM UTC 2025
Backup process completed: Maximum backups reached at Wed Jun 18 07:17:56 PM UTC 2025
Starting backup process at Wed Jun 18 07:18:56 PM UTC 2025
Backup process completed: Maximum backups reached at Wed Jun 18 07:18:56 PM UTC 2025
Starting backup process at Wed Jun 18 07:19:57 PM UTC 2025
Backup process completed: Maximum backups reached at Wed Jun 18 07:19:57 PM UTC 2025
Starting backup process at Wed Jun 18 07:20:57 PM UTC 2025
Backup process completed: Maximum backups reached at Wed Jun 18 07:20:57 PM UTC 2025
Starting backup process at Wed Jun 18 07:21:58 PM UTC 2025
Backup process completed: Maximum backups reached at Wed Jun 18 07:21:58 PM UTC 2025
Starting backup process at Wed Jun 18 07:22:58 PM UTC 2025
Backup process completed: Maximum backups reached at Wed Jun 18 07:22:58 PM UTC 2025
Starting backup process at Wed Jun 18 07:23:59 PM UTC 2025
Backup process completed: Maximum backups reached at Wed Jun 18 07:23:59 PM UTC 2025
Starting backup process at Wed Jun 18 07:24:59 PM UTC 2025
Backup process completed: Maximum backups reached at Wed Jun 18 07:24:59 PM UTC 2025
Starting backup process at Wed Jun 18 07:25:59 PM UTC 2025
Backup process completed: Maximum backups reached at Wed Jun 18 07:25:59 PM UTC 2025
Starting backup process at Wed Jun 18 07:27:00 PM UTC 2025
Backup process completed: Maximum backups reached at Wed Jun 18 07:27:00 PM UTC 2025
Starting backup process at Wed Jun 18 07:28:00 PM UTC 2025
Backup process completed: Maximum backups reached at Wed Jun 18 07:28:00 PM UTC 2025
Starting backup process at Wed Jun 18 07:29:01 PM UTC 2025
Backup process completed: Maximum backups reached at Wed Jun 18 07:29:01 PM UTC 2025
Starting backup process at Wed Jun 18 07:30:01 PM UTC 2025
Backup process completed: Maximum backups reached at Wed Jun 18 07:30:01 PM UTC 2025
Starting backup process at Thu Jun 19 02:48:42 PM UTC 2025
Backup process completed: Maximum backups reached at Thu Jun 19 02:48:42 PM UTC 2025
Starting backup process at Thu Jun 19 02:49:42 PM UTC 2025
Backup process completed: Maximum backups reached at Thu Jun 19 02:49:42 PM UTC 2025
Starting backup process at Thu Jun 19 02:50:43 PM UTC 2025
Backup process completed: Maximum backups reached at Thu Jun 19 02:50:43 PM UTC 2025
Starting backup process at Thu Jun 19 02:51:43 PM UTC 2025
Backup process completed: Maximum backups reached at Thu Jun 19 02:51:43 PM UTC 2025
Starting backup process at Thu Jun 19 02:52:43 PM UTC 2025
Backup process completed: Maximum backups reached at Thu Jun 19 02:52:43 PM UTC 2025
Starting backup process at Thu Jun 19 02:53:44 PM UTC 2025
Backup process completed: Maximum backups reached at Thu Jun 19 02:53:44 PM UTC 2025
Starting backup process at Thu Jun 19 02:54:44 PM UTC 2025
Backup process completed: Maximum backups reached at Thu Jun 19 02:54:44 PM UTC 2025
Starting backup process at Thu Jun 19 02:55:45 PM UTC 2025
Backup process completed: Maximum backups reached at Thu Jun 19 02:55:45 PM UTC 2025
Starting backup process at Thu Jun 19 02:56:45 PM UTC 2025
Backup process completed: Maximum backups reached at Thu Jun 19 02:56:45 PM UTC 2025
Starting backup process at Thu Jun 19 02:57:46 PM UTC 2025
Backup process completed: Maximum backups reached at Thu Jun 19 02:57:46 PM UTC 2025
Starting backup process at Thu Jun 19 02:58:46 PM UTC 2025
Backup process completed: Maximum backups reached at Thu Jun 19 02:58:46 PM UTC 2025
Starting backup process at Thu Jun 19 02:59:46 PM UTC 2025
Backup process completed: Maximum backups reached at Thu Jun 19 02:59:46 PM UTC 2025
Starting backup process at Thu Jun 19 03:00:47 PM UTC 2025
Backup process completed: Maximum backups reached at Thu Jun 19 03:00:47 PM UTC 2025
Starting backup process at Thu Jun 19 03:01:47 PM UTC 2025
Backup process completed: Maximum backups reached at Thu Jun 19 03:01:47 PM UTC 2025
Starting backup process at Thu Jun 19 03:02:48 PM UTC 2025
Backup process completed: Maximum backups reached at Thu Jun 19 03:02:48 PM UTC 2025
Starting backup process at Thu Jun 19 03:03:48 PM UTC 2025
Backup process completed: Maximum backups reached at Thu Jun 19 03:03:48 PM UTC 2025
Starting backup process at Thu Jun 19 03:04:48 PM UTC 2025
Backup process completed: Maximum backups reached at Thu Jun 19 03:04:48 PM UTC 2025
Starting backup process at Thu Jun 19 03:05:49 PM UTC 2025
Backup process completed: Maximum backups reached at Thu Jun 19 03:05:49 PM UTC 2025
Starting backup process at Thu Jun 19 03:06:49 PM UTC 2025
Backup process completed: Maximum backups reached at Thu Jun 19 03:06:49 PM UTC 2025
Starting backup process at Thu Jun 19 03:07:49 PM UTC 2025
Backup process completed: Maximum backups reached at Thu Jun 19 03:07:49 PM UTC 2025
Starting backup process at Thu Jun 19 03:08:50 PM UTC 2025
Backup process completed: Maximum backups reached at Thu Jun 19 03:08:50 PM UTC 2025
Starting backup process at Thu Jun 19 03:09:50 PM UTC 2025
Backup process completed: Maximum backups reached at Thu Jun 19 03:09:50 PM UTC 2025
Starting backup process at Thu Jun 19 03:10:51 PM UTC 2025
Backup process completed: Maximum backups reached at Thu Jun 19 03:10:51 PM UTC 2025
Starting backup process at Thu Jun 19 03:11:51 PM UTC 2025
Backup process completed: Maximum backups reached at Thu Jun 19 03:11:51 PM UTC 2025
Starting backup process at Thu Jun 19 03:12:51 PM UTC 2025
Backup process completed: Maximum backups reached at Thu Jun 19 03:12:51 PM UTC 2025
Starting backup process at Thu Jun 19 03:13:52 PM UTC 2025
Backup process completed: Maximum backups reached at Thu Jun 19 03:13:52 PM UTC 2025
Starting backup process at Thu Jun 19 03:14:52 PM UTC 2025
Backup process completed: Maximum backups reached at Thu Jun 19 03:14:52 PM UTC 2025
Starting backup process at Thu Jun 19 03:15:52 PM UTC 2025
Backup process completed: Maximum backups reached at Thu Jun 19 03:15:52 PM UTC 2025
Starting backup process at Thu Jun 19 03:16:53 PM UTC 2025
Backup process completed: Maximum backups reached at Thu Jun 19 03:16:53 PM UTC 2025
Starting backup process at Thu Jun 19 03:17:53 PM UTC 2025
Backup process completed: Maximum backups reached at Thu Jun 19 03:17:53 PM UTC 2025
Starting backup process at Thu Jun 19 03:18:53 PM UTC 2025
Backup process completed: Maximum backups reached at Thu Jun 19 03:18:53 PM UTC 2025
Starting backup process at Thu Jun 19 03:19:54 PM UTC 2025
Backup process completed: Maximum backups reached at Thu Jun 19 03:19:54 PM UTC 2025
Starting backup process at Sat Jul 19 10:16:29 PM UTC 2025
Backup process completed: Maximum backups reached at Sat Jul 19 10:16:29 PM UTC 2025
Starting backup process at Sat Jul 19 10:16:29 PM UTC 2025
Backup process completed: Maximum backups reached at Sat Jul 19 10:16:29 PM UTC 2025
Starting backup process at Sat Jul 19 10:16:30 PM UTC 2025
Backup process completed: Maximum backups reached at Sat Jul 19 10:16:30 PM UTC 2025
Starting backup process at Sat Jul 19 10:16:31 PM UTC 2025
Backup process completed: Maximum backups reached at Sat Jul 19 10:16:31 PM UTC 2025
Starting backup process at Sat Jul 19 10:16:32 PM UTC 2025
Backup process completed: Maximum backups reached at Sat Jul 19 10:16:32 PM UTC 2025
Starting backup process at Sat Jul 19 10:16:34 PM UTC 2025
Backup process completed: Maximum backups reached at Sat Jul 19 10:16:34 PM UTC 2025
Starting backup process at Sat Jul 19 10:16:37 PM UTC 2025
Backup process completed: Maximum backups reached at Sat Jul 19 10:16:37 PM UTC 2025
Starting backup process at Sat Jul 19 10:16:44 PM UTC 2025
Backup process completed: Maximum backups reached at Sat Jul 19 10:16:44 PM UTC 2025
Starting backup process at Sat Jul 19 10:16:57 PM UTC 2025
Backup process completed: Maximum backups reached at Sat Jul 19 10:16:57 PM UTC 2025
Starting backup process at Sat Jul 19 10:17:23 PM UTC 2025
Backup process completed: Maximum backups reached at Sat Jul 19 10:17:23 PM UTC 2025
Starting backup process at Sat Jul 19 10:18:16 PM UTC 2025
Backup process completed: Maximum backups reached at Sat Jul 19 10:18:16 PM UTC 2025
Starting backup process at Sat Jul 19 10:19:19 PM UTC 2025
Backup process completed: Maximum backups reached at Sat Jul 19 10:19:19 PM UTC 2025
Starting backup process at Sat Jul 19 10:20:22 PM UTC 2025
Backup process completed: Maximum backups reached at Sat Jul 19 10:20:22 PM UTC 2025
Starting backup process at Sat Jul 19 10:21:24 PM UTC 2025
Backup process completed: Maximum backups reached at Sat Jul 19 10:21:24 PM UTC 2025
Starting backup process at Sat Jul 19 10:22:27 PM UTC 2025
Backup process completed: Maximum backups reached at Sat Jul 19 10:22:27 PM UTC 2025
Starting backup process at Sat Jul 19 10:23:30 PM UTC 2025
Backup process completed: Maximum backups reached at Sat Jul 19 10:23:30 PM UTC 2025
Starting backup process at Sat Jul 19 10:24:32 PM UTC 2025
Backup process completed: Maximum backups reached at Sat Jul 19 10:24:32 PM UTC 2025
Starting backup process at Sat Jul 19 10:25:35 PM UTC 2025
Backup process completed: Maximum backups reached at Sat Jul 19 10:25:35 PM UTC 2025
Starting backup process at Sat Jul 19 10:26:37 PM UTC 2025
Backup process completed: Maximum backups reached at Sat Jul 19 10:26:37 PM UTC 2025
Starting backup process at Sat Jul 19 10:27:40 PM UTC 2025
Backup process completed: Maximum backups reached at Sat Jul 19 10:27:40 PM UTC 2025
Starting backup process at Sat Jul 19 10:28:44 PM UTC 2025
Backup process completed: Maximum backups reached at Sat Jul 19 10:28:44 PM UTC 2025
Starting backup process at Sat Jul 19 10:29:47 PM UTC 2025
Backup process completed: Maximum backups reached at Sat Jul 19 10:29:47 PM UTC 2025
Starting backup process at Sat Jul 19 10:30:51 PM UTC 2025
Backup process completed: Maximum backups reached at Sat Jul 19 10:30:51 PM UTC 2025
Starting backup process at Sat Jul 19 10:31:54 PM UTC 2025
Backup process completed: Maximum backups reached at Sat Jul 19 10:31:54 PM UTC 2025
Starting backup process at Sat Jul 19 10:32:58 PM UTC 2025
Backup process completed: Maximum backups reached at Sat Jul 19 10:32:58 PM UTC 2025
Starting backup process at Sat Jul 19 10:34:01 PM UTC 2025
Backup process completed: Maximum backups reached at Sat Jul 19 10:34:01 PM UTC 2025
Starting backup process at Sat Jul 19 10:35:05 PM UTC 2025
Backup process completed: Maximum backups reached at Sat Jul 19 10:35:05 PM UTC 2025
Starting backup process at Sat Jul 19 10:36:08 PM UTC 2025
Backup process completed: Maximum backups reached at Sat Jul 19 10:36:08 PM UTC 2025
Starting backup process at Sat Jul 19 10:37:12 PM UTC 2025
Backup process completed: Maximum backups reached at Sat Jul 19 10:37:12 PM UTC 2025
Starting backup process at Sat Jul 19 10:38:15 PM UTC 2025
Backup process completed: Maximum backups reached at Sat Jul 19 10:38:15 PM UTC 2025
Starting backup process at Sat Jul 19 10:39:20 PM UTC 2025
Backup process completed: Maximum backups reached at Sat Jul 19 10:39:20 PM UTC 2025
Starting backup process at Sat Jul 19 10:40:23 PM UTC 2025
Backup process completed: Maximum backups reached at Sat Jul 19 10:40:23 PM UTC 2025
Starting backup process at Sat Jul 19 10:41:26 PM UTC 2025
Backup process completed: Maximum backups reached at Sat Jul 19 10:41:26 PM UTC 2025
Starting backup process at Sat Jul 19 10:42:30 PM UTC 2025
Backup process completed: Maximum backups reached at Sat Jul 19 10:42:30 PM UTC 2025
Starting backup process at Sat Jul 19 10:43:34 PM UTC 2025
Backup process completed: Maximum backups reached at Sat Jul 19 10:43:34 PM UTC 2025
Starting backup process at Sat Jul 19 10:44:37 PM UTC 2025
Backup process completed: Maximum backups reached at Sat Jul 19 10:44:37 PM UTC 2025
Starting backup process at Sat Jul 19 10:45:41 PM UTC 2025
Backup process completed: Maximum backups reached at Sat Jul 19 10:45:41 PM UTC 2025
Starting backup process at Sat Jul 19 10:46:45 PM UTC 2025
Backup process completed: Maximum backups reached at Sat Jul 19 10:46:45 PM UTC 2025
Starting backup process at Sat Jul 19 10:47:49 PM UTC 2025
Backup process completed: Maximum backups reached at Sat Jul 19 10:47:49 PM UTC 2025
Starting backup process at Sat Jul 19 10:48:52 PM UTC 2025
Backup process completed: Maximum backups reached at Sat Jul 19 10:48:52 PM UTC 2025
Starting backup process at Sat Jul 19 10:49:56 PM UTC 2025
Backup process completed: Maximum backups reached at Sat Jul 19 10:49:56 PM UTC 2025
Starting backup process at Sat Jul 19 10:51:00 PM UTC 2025
Backup process completed: Maximum backups reached at Sat Jul 19 10:51:00 PM UTC 2025
Starting backup process at Sat Jul 19 10:52:04 PM UTC 2025
Backup process completed: Maximum backups reached at Sat Jul 19 10:52:04 PM UTC 2025
Starting backup process at Sat Jul 19 10:53:08 PM UTC 2025
Backup process completed: Maximum backups reached at Sat Jul 19 10:53:08 PM UTC 2025
Starting backup process at Sat Jul 19 10:54:13 PM UTC 2025
Backup process completed: Maximum backups reached at Sat Jul 19 10:54:13 PM UTC 2025
Starting backup process at Sat Jul 19 10:55:15 PM UTC 2025
Backup process completed: Maximum backups reached at Sat Jul 19 10:55:15 PM UTC 2025
Starting backup process at Sat Jul 19 10:56:20 PM UTC 2025
Backup process completed: Maximum backups reached at Sat Jul 19 10:56:20 PM UTC 2025
Starting backup process at Sat Jul 19 10:57:23 PM UTC 2025
Backup process completed: Maximum backups reached at Sat Jul 19 10:57:23 PM UTC 2025
Starting backup process at Sat Jul 19 10:58:27 PM UTC 2025
Backup process completed: Maximum backups reached at Sat Jul 19 10:58:27 PM UTC 2025
Starting backup process at Sun Jul 20 09:40:50 AM UTC 2025
Backup process completed: Maximum backups reached at Sun Jul 20 09:40:50 AM UTC 2025
Starting backup process at Sun Jul 20 09:40:51 AM UTC 2025
Backup process completed: Maximum backups reached at Sun Jul 20 09:40:51 AM UTC 2025
Starting backup process at Sun Jul 20 09:40:51 AM UTC 2025
Backup process completed: Maximum backups reached at Sun Jul 20 09:40:51 AM UTC 2025
Starting backup process at Sun Jul 20 09:40:52 AM UTC 2025
Backup process completed: Maximum backups reached at Sun Jul 20 09:40:52 AM UTC 2025
Starting backup process at Sun Jul 20 09:40:53 AM UTC 2025
Backup process completed: Maximum backups reached at Sun Jul 20 09:40:53 AM UTC 2025
Starting backup process at Sun Jul 20 09:40:55 AM UTC 2025
Backup process completed: Maximum backups reached at Sun Jul 20 09:40:55 AM UTC 2025
Starting backup process at Sun Jul 20 09:40:58 AM UTC 2025
Backup process completed: Maximum backups reached at Sun Jul 20 09:40:58 AM UTC 2025
Starting backup process at Sun Jul 20 09:41:05 AM UTC 2025
Backup process completed: Maximum backups reached at Sun Jul 20 09:41:05 AM UTC 2025
